# JRE version: OpenJDK Runtime Environment Temurin-17.0.13+11 (17.0.13+11) (build 17.0.13+11)
# Java VM: OpenJDK 64-Bit Server VM Temurin-17.0.13+11 (17.0.13+11, mixed mode, tiered, compressed oops, compressed class ptrs, g1 gc, windows-amd64)
GC Precious Log:
 CPUs: 4 total, 4 available
 Memory: 3345M
 Large Page Support: Disabled
 NUMA Support: Disabled
 Compressed Oops: Enabled (Zero based)
 Heap Region Size: 2M
 Heap Min Capacity: 8M
 Heap Initial Capacity: 54M
 Heap Max Capacity: 4G
 Pre-touch: Disabled
 Parallel Workers: 4
 Concurrent Workers: 1
 Concurrent Refinement Workers: 4
 Periodic GC: Disabled
Heap:
 garbage-first heap   total 493568K, used 121327K [0x0000000700000000, 0x0000000800000000)
  region size 2048K, 6 young (12288K), 6 survivors (12288K)
 Metaspace       used 101036K, committed 101696K, reserved 1179648K
  class space    used 12138K, committed 12480K, reserved 1048576K
GC Heap History (20 events):
Event: 102.263 GC heap after
{Heap after GC invocations=90 (full 0):
 garbage-first heap   total 423936K, used 68533K [0x0000000700000000, 0x0000000800000000)
  region size 2048K, 5 young (10240K), 5 survivors (10240K)
 Metaspace       used 51925K, committed 52416K, reserved 1114112K
  class space    used 6718K, committed 6976K, reserved 1048576K
}
Event: 108.119 GC heap before
{Heap before GC invocations=90 (full 0):
 garbage-first heap   total 423936K, used 312245K [0x0000000700000000, 0x0000000800000000)
  region size 2048K, 124 young (253952K), 5 survivors (10240K)
 Metaspace       used 52243K, committed 52736K, reserved 1114112K
  class space    used 6760K, committed 6976K, reserved 1048576K
}
Event: 108.131 GC heap after
{Heap after GC invocations=91 (full 0):
 garbage-first heap   total 423936K, used 70127K [0x0000000700000000, 0x0000000800000000)
  region size 2048K, 5 young (10240K), 5 survivors (10240K)
 Metaspace       used 52243K, committed 52736K, reserved 1114112K
  class space    used 6760K, committed 6976K, reserved 1048576K
}
Event: 108.742 GC heap before
{Heap before GC invocations=91 (full 0):
 garbage-first heap   total 423936K, used 313839K [0x0000000700000000, 0x0000000800000000)
  region size 2048K, 124 young (253952K), 5 survivors (10240K)
 Metaspace       used 52243K, committed 52736K, reserved 1114112K
  class space    used 6760K, committed 6976K, reserved 1048576K
}
Event: 108.755 GC heap after
{Heap after GC invocations=92 (full 0):
 garbage-first heap   total 423936K, used 70468K [0x0000000700000000, 0x0000000800000000)
  region size 2048K, 5 young (10240K), 5 survivors (10240K)
 Metaspace       used 52243K, committed 52736K, reserved 1114112K
  class space    used 6760K, committed 6976K, reserved 1048576K
}
Event: 109.620 GC heap before
{Heap before GC invocations=92 (full 0):
 garbage-first heap   total 423936K, used 314180K [0x0000000700000000, 0x0000000800000000)
  region size 2048K, 124 young (253952K), 5 survivors (10240K)
 Metaspace       used 52245K, committed 52736K, reserved 1114112K
  class space    used 6760K, committed 6976K, reserved 1048576K
}
Event: 109.633 GC heap after
{Heap after GC invocations=93 (full 0):
 garbage-first heap   total 614400K, used 70744K [0x0000000700000000, 0x0000000800000000)
  region size 2048K, 5 young (10240K), 5 survivors (10240K)
 Metaspace       used 52245K, committed 52736K, reserved 1114112K
  class space    used 6760K, committed 6976K, reserved 1048576K
}
Event: 112.287 GC heap before
{Heap before GC invocations=93 (full 0):
 garbage-first heap   total 614400K, used 429144K [0x0000000700000000, 0x0000000800000000)
  region size 2048K, 180 young (368640K), 5 survivors (10240K)
 Metaspace       used 52245K, committed 52736K, reserved 1114112K
  class space    used 6760K, committed 6976K, reserved 1048576K
}
Event: 112.460 GC heap after
{Heap after GC invocations=94 (full 0):
 garbage-first heap   total 614400K, used 71121K [0x0000000700000000, 0x0000000800000000)
  region size 2048K, 5 young (10240K), 5 survivors (10240K)
 Metaspace       used 52245K, committed 52736K, reserved 1114112K
  class space    used 6760K, committed 6976K, reserved 1048576K
}
Event: 113.460 GC heap before
{Heap before GC invocations=94 (full 0):
 garbage-first heap   total 614400K, used 429521K [0x0000000700000000, 0x0000000800000000)
  region size 2048K, 180 young (368640K), 5 survivors (10240K)
 Metaspace       used 52248K, committed 52736K, reserved 1114112K
  class space    used 6760K, committed 6976K, reserved 1048576K
}
Event: 113.565 GC heap after
{Heap after GC invocations=95 (full 0):
 garbage-first heap   total 614400K, used 71965K [0x0000000700000000, 0x0000000800000000)
  region size 2048K, 6 young (12288K), 6 survivors (12288K)
 Metaspace       used 52248K, committed 52736K, reserved 1114112K
  class space    used 6760K, committed 6976K, reserved 1048576K
}
Event: 135.018 GC heap before
{Heap before GC invocations=95 (full 0):
 garbage-first heap   total 614400K, used 432413K [0x0000000700000000, 0x0000000800000000)
  region size 2048K, 180 young (368640K), 6 survivors (12288K)
 Metaspace       used 69973K, committed 70656K, reserved 1114112K
  class space    used 9276K, committed 9600K, reserved 1048576K
}
Event: 135.254 GC heap after
{Heap after GC invocations=96 (full 0):
 garbage-first heap   total 614400K, used 89301K [0x0000000700000000, 0x0000000800000000)
  region size 2048K, 12 young (24576K), 12 survivors (24576K)
 Metaspace       used 69973K, committed 70656K, reserved 1114112K
  class space    used 9276K, committed 9600K, reserved 1048576K
}
Event: 138.127 GC heap before
{Heap before GC invocations=96 (full 0):
 garbage-first heap   total 614400K, used 220373K [0x0000000700000000, 0x0000000800000000)
  region size 2048K, 77 young (157696K), 12 survivors (24576K)
 Metaspace       used 82190K, committed 82816K, reserved 1179648K
  class space    used 10621K, committed 10944K, reserved 1048576K
}
Event: 138.217 GC heap after
{Heap after GC invocations=97 (full 0):
 garbage-first heap   total 614400K, used 96730K [0x0000000700000000, 0x0000000800000000)
  region size 2048K, 15 young (30720K), 15 survivors (30720K)
 Metaspace       used 82190K, committed 82816K, reserved 1179648K
  class space    used 10621K, committed 10944K, reserved 1048576K
}
Event: 144.816 GC heap before
{Heap before GC invocations=98 (full 0):
 garbage-first heap   total 368640K, used 182746K [0x0000000700000000, 0x0000000800000000)
  region size 2048K, 57 young (116736K), 15 survivors (30720K)
 Metaspace       used 88813K, committed 89408K, reserved 1179648K
  class space    used 11214K, committed 11520K, reserved 1048576K
}
Event: 144.979 GC heap after
{Heap after GC invocations=99 (full 0):
 garbage-first heap   total 368640K, used 103523K [0x0000000700000000, 0x0000000800000000)
  region size 2048K, 8 young (16384K), 8 survivors (16384K)
 Metaspace       used 88813K, committed 89408K, reserved 1179648K
  class space    used 11214K, committed 11520K, reserved 1048576K
}
Event: 145.182 GC heap before
{Heap before GC invocations=99 (full 0):
 garbage-first heap   total 368640K, used 105571K [0x0000000700000000, 0x0000000800000000)
  region size 2048K, 9 young (18432K), 8 survivors (16384K)
 Metaspace       used 88959K, committed 89600K, reserved 1179648K
  class space    used 11214K, committed 11520K, reserved 1048576K
}
Event: 145.249 GC heap after
{Heap after GC invocations=100 (full 0):
 garbage-first heap   total 368640K, used 104688K [0x0000000700000000, 0x0000000800000000)
  region size 2048K, 2 young (4096K), 2 survivors (4096K)
 Metaspace       used 88959K, committed 89600K, reserved 1179648K
  class space    used 11214K, committed 11520K, reserved 1048576K
}
Event: 172.420 GC heap before
{Heap before GC invocations=100 (full 0):
 garbage-first heap   total 368640K, used 299248K [0x0000000700000000, 0x0000000800000000)
  region size 2048K, 93 young (190464K), 2 survivors (4096K)
 Metaspace       used 101036K, committed 101696K, reserved 1179648K
  class space    used 12138K, committed 12480K, reserved 1048576K
}

