# JRE version: OpenJDK Runtime Environment Temurin-17.0.13+11 (17.0.13+11) (build 17.0.13+11)
# Java VM: OpenJDK 64-Bit Server VM Temurin-17.0.13+11 (17.0.13+11, mixed mode, tiered, compressed oops, compressed class ptrs, parallel gc, windows-amd64)
GC Precious Log:
 CPUs: 4 total, 4 available
 Memory: 3345M
 Large Page Support: Disabled
 NUMA Support: Disabled
 Compressed Oops: Enabled (32-bit)
 Alignments: Space 512K, Generation 512K, Heap 2M
 Heap Min Capacity: 100M
 Heap Initial Capacity: 100M
 Heap Max Capacity: 1G
 Pre-touch: Disabled
 Parallel Workers: 4
Heap:
 PSYoungGen      total 19968K, used 12084K [0x00000000eab00000, 0x00000000ebf80000, 0x0000000100000000)
  eden space 19456K, 61% used [0x00000000eab00000,0x00000000eb6ad048,0x00000000ebe00000)
  from space 512K, 25% used [0x00000000ebe80000,0x00000000ebea0000,0x00000000ebf00000)
  to   space 512K, 0% used [0x00000000ebf00000,0x00000000ebf00000,0x00000000ebf80000)
 ParOldGen       total 68608K, used 44782K [0x00000000c0000000, 0x00000000c4300000, 0x00000000eab00000)
  object space 68608K, 65% used [0x00000000c0000000,0x00000000c2bbba68,0x00000000c4300000)
 Metaspace       used 74221K, committed 75264K, reserved 1179648K
  class space    used 9021K, committed 9472K, reserved 1048576K
GC Heap History (20 events):
Event: 266.111 GC heap before
{Heap before GC invocations=55 (full 3):
 PSYoungGen      total 20480K, used 20464K [0x00000000eab00000, 0x00000000ec180000, 0x0000000100000000)
  eden space 19968K, 100% used [0x00000000eab00000,0x00000000ebe80000,0x00000000ebe80000)
  from space 512K, 96% used [0x00000000ebf80000,0x00000000ebffc280,0x00000000ec000000)
  to   space 1536K, 0% used [0x00000000ec000000,0x00000000ec000000,0x00000000ec180000)
 ParOldGen       total 68608K, used 43820K [0x00000000c0000000, 0x00000000c4300000, 0x00000000eab00000)
  object space 68608K, 63% used [0x00000000c0000000,0x00000000c2acb0d8,0x00000000c4300000)
 Metaspace       used 71836K, committed 72832K, reserved 1114112K
  class space    used 8731K, committed 9152K, reserved 1048576K
}
Event: 266.112 GC heap after
{Heap after GC invocations=55 (full 3):
 PSYoungGen      total 20992K, used 811K [0x00000000eab00000, 0x00000000ec100000, 0x0000000100000000)
  eden space 19968K, 0% used [0x00000000eab00000,0x00000000eab00000,0x00000000ebe80000)
  from space 1024K, 79% used [0x00000000ec000000,0x00000000ec0cafc0,0x00000000ec100000)
  to   space 1024K, 0% used [0x00000000ebf00000,0x00000000ebf00000,0x00000000ec000000)
 ParOldGen       total 68608K, used 43860K [0x00000000c0000000, 0x00000000c4300000, 0x00000000eab00000)
  object space 68608K, 63% used [0x00000000c0000000,0x00000000c2ad50d8,0x00000000c4300000)
 Metaspace       used 71836K, committed 72832K, reserved 1114112K
  class space    used 8731K, committed 9152K, reserved 1048576K
}
Event: 267.123 GC heap before
{Heap before GC invocations=56 (full 3):
 PSYoungGen      total 20992K, used 20779K [0x00000000eab00000, 0x00000000ec100000, 0x0000000100000000)
  eden space 19968K, 100% used [0x00000000eab00000,0x00000000ebe80000,0x00000000ebe80000)
  from space 1024K, 79% used [0x00000000ec000000,0x00000000ec0cafc0,0x00000000ec100000)
  to   space 1024K, 0% used [0x00000000ebf00000,0x00000000ebf00000,0x00000000ec000000)
 ParOldGen       total 68608K, used 43860K [0x00000000c0000000, 0x00000000c4300000, 0x00000000eab00000)
  object space 68608K, 63% used [0x00000000c0000000,0x00000000c2ad50d8,0x00000000c4300000)
 Metaspace       used 71836K, committed 72832K, reserved 1114112K
  class space    used 8731K, committed 9152K, reserved 1048576K
}
Event: 267.124 GC heap after
{Heap after GC invocations=56 (full 3):
 PSYoungGen      total 20480K, used 354K [0x00000000eab00000, 0x00000000ec080000, 0x0000000100000000)
  eden space 19968K, 0% used [0x00000000eab00000,0x00000000eab00000,0x00000000ebe80000)
  from space 512K, 69% used [0x00000000ebf00000,0x00000000ebf588c8,0x00000000ebf80000)
  to   space 1024K, 0% used [0x00000000ebf80000,0x00000000ebf80000,0x00000000ec080000)
 ParOldGen       total 68608K, used 43908K [0x00000000c0000000, 0x00000000c4300000, 0x00000000eab00000)
  object space 68608K, 63% used [0x00000000c0000000,0x00000000c2ae10e8,0x00000000c4300000)
 Metaspace       used 71836K, committed 72832K, reserved 1114112K
  class space    used 8731K, committed 9152K, reserved 1048576K
}
Event: 267.526 GC heap before
{Heap before GC invocations=57 (full 3):
 PSYoungGen      total 20480K, used 20322K [0x00000000eab00000, 0x00000000ec080000, 0x0000000100000000)
  eden space 19968K, 100% used [0x00000000eab00000,0x00000000ebe80000,0x00000000ebe80000)
  from space 512K, 69% used [0x00000000ebf00000,0x00000000ebf588c8,0x00000000ebf80000)
  to   space 1024K, 0% used [0x00000000ebf80000,0x00000000ebf80000,0x00000000ec080000)
 ParOldGen       total 68608K, used 43908K [0x00000000c0000000, 0x00000000c4300000, 0x00000000eab00000)
  object space 68608K, 63% used [0x00000000c0000000,0x00000000c2ae10e8,0x00000000c4300000)
 Metaspace       used 71836K, committed 72832K, reserved 1114112K
  class space    used 8731K, committed 9152K, reserved 1048576K
}
Event: 267.527 GC heap after
{Heap after GC invocations=57 (full 3):
 PSYoungGen      total 20480K, used 934K [0x00000000eab00000, 0x00000000ec180000, 0x0000000100000000)
  eden space 19456K, 0% used [0x00000000eab00000,0x00000000eab00000,0x00000000ebe00000)
  from space 1024K, 91% used [0x00000000ebf80000,0x00000000ec069bf8,0x00000000ec080000)
  to   space 1536K, 0% used [0x00000000ebe00000,0x00000000ebe00000,0x00000000ebf80000)
 ParOldGen       total 68608K, used 43966K [0x00000000c0000000, 0x00000000c4300000, 0x00000000eab00000)
  object space 68608K, 64% used [0x00000000c0000000,0x00000000c2aef950,0x00000000c4300000)
 Metaspace       used 71836K, committed 72832K, reserved 1114112K
  class space    used 8731K, committed 9152K, reserved 1048576K
}
Event: 268.022 GC heap before
{Heap before GC invocations=58 (full 3):
 PSYoungGen      total 20480K, used 20390K [0x00000000eab00000, 0x00000000ec180000, 0x0000000100000000)
  eden space 19456K, 100% used [0x00000000eab00000,0x00000000ebe00000,0x00000000ebe00000)
  from space 1024K, 91% used [0x00000000ebf80000,0x00000000ec069bf8,0x00000000ec080000)
  to   space 1536K, 0% used [0x00000000ebe00000,0x00000000ebe00000,0x00000000ebf80000)
 ParOldGen       total 68608K, used 43966K [0x00000000c0000000, 0x00000000c4300000, 0x00000000eab00000)
  object space 68608K, 64% used [0x00000000c0000000,0x00000000c2aef950,0x00000000c4300000)
 Metaspace       used 71836K, committed 72832K, reserved 1114112K
  class space    used 8731K, committed 9152K, reserved 1048576K
}
Event: 268.023 GC heap after
{Heap after GC invocations=58 (full 3):
 PSYoungGen      total 20480K, used 889K [0x00000000eab00000, 0x00000000ec000000, 0x0000000100000000)
  eden space 19456K, 0% used [0x00000000eab00000,0x00000000eab00000,0x00000000ebe00000)
  from space 1024K, 86% used [0x00000000ebe00000,0x00000000ebede7e8,0x00000000ebf00000)
  to   space 1024K, 0% used [0x00000000ebf00000,0x00000000ebf00000,0x00000000ec000000)
 ParOldGen       total 68608K, used 44006K [0x00000000c0000000, 0x00000000c4300000, 0x00000000eab00000)
  object space 68608K, 64% used [0x00000000c0000000,0x00000000c2af9960,0x00000000c4300000)
 Metaspace       used 71836K, committed 72832K, reserved 1114112K
  class space    used 8731K, committed 9152K, reserved 1048576K
}
Event: 268.635 GC heap before
{Heap before GC invocations=59 (full 3):
 PSYoungGen      total 20480K, used 20345K [0x00000000eab00000, 0x00000000ec000000, 0x0000000100000000)
  eden space 19456K, 100% used [0x00000000eab00000,0x00000000ebe00000,0x00000000ebe00000)
  from space 1024K, 86% used [0x00000000ebe00000,0x00000000ebede7e8,0x00000000ebf00000)
  to   space 1024K, 0% used [0x00000000ebf00000,0x00000000ebf00000,0x00000000ec000000)
 ParOldGen       total 68608K, used 44006K [0x00000000c0000000, 0x00000000c4300000, 0x00000000eab00000)
  object space 68608K, 64% used [0x00000000c0000000,0x00000000c2af9960,0x00000000c4300000)
 Metaspace       used 72235K, committed 73216K, reserved 1114112K
  class space    used 8802K, committed 9216K, reserved 1048576K
}
Event: 268.638 GC heap after
{Heap after GC invocations=59 (full 3):
 PSYoungGen      total 19968K, used 192K [0x00000000eab00000, 0x00000000ebf80000, 0x0000000100000000)
  eden space 19456K, 0% used [0x00000000eab00000,0x00000000eab00000,0x00000000ebe00000)
  from space 512K, 37% used [0x00000000ebf00000,0x00000000ebf30000,0x00000000ebf80000)
  to   space 512K, 0% used [0x00000000ebe80000,0x00000000ebe80000,0x00000000ebf00000)
 ParOldGen       total 68608K, used 44038K [0x00000000c0000000, 0x00000000c4300000, 0x00000000eab00000)
  object space 68608K, 64% used [0x00000000c0000000,0x00000000c2b01960,0x00000000c4300000)
 Metaspace       used 72235K, committed 73216K, reserved 1114112K
  class space    used 8802K, committed 9216K, reserved 1048576K
}
Event: 414.920 GC heap before
{Heap before GC invocations=60 (full 3):
 PSYoungGen      total 19968K, used 19648K [0x00000000eab00000, 0x00000000ebf80000, 0x0000000100000000)
  eden space 19456K, 100% used [0x00000000eab00000,0x00000000ebe00000,0x00000000ebe00000)
  from space 512K, 37% used [0x00000000ebf00000,0x00000000ebf30000,0x00000000ebf80000)
  to   space 512K, 0% used [0x00000000ebe80000,0x00000000ebe80000,0x00000000ebf00000)
 ParOldGen       total 68608K, used 44038K [0x00000000c0000000, 0x00000000c4300000, 0x00000000eab00000)
  object space 68608K, 64% used [0x00000000c0000000,0x00000000c2b01960,0x00000000c4300000)
 Metaspace       used 73438K, committed 74496K, reserved 1114112K
  class space    used 8946K, committed 9408K, reserved 1048576K
}
Event: 415.036 GC heap after
{Heap after GC invocations=60 (full 3):
 PSYoungGen      total 19968K, used 320K [0x00000000eab00000, 0x00000000ebf80000, 0x0000000100000000)
  eden space 19456K, 0% used [0x00000000eab00000,0x00000000eab00000,0x00000000ebe00000)
  from space 512K, 62% used [0x00000000ebe80000,0x00000000ebed0000,0x00000000ebf00000)
  to   space 512K, 0% used [0x00000000ebf00000,0x00000000ebf00000,0x00000000ebf80000)
 ParOldGen       total 68608K, used 44174K [0x00000000c0000000, 0x00000000c4300000, 0x00000000eab00000)
  object space 68608K, 64% used [0x00000000c0000000,0x00000000c2b23980,0x00000000c4300000)
 Metaspace       used 73438K, committed 74496K, reserved 1114112K
  class space    used 8946K, committed 9408K, reserved 1048576K
}
Event: 514.739 GC heap before
{Heap before GC invocations=61 (full 3):
 PSYoungGen      total 19968K, used 19776K [0x00000000eab00000, 0x00000000ebf80000, 0x0000000100000000)
  eden space 19456K, 100% used [0x00000000eab00000,0x00000000ebe00000,0x00000000ebe00000)
  from space 512K, 62% used [0x00000000ebe80000,0x00000000ebed0000,0x00000000ebf00000)
  to   space 512K, 0% used [0x00000000ebf00000,0x00000000ebf00000,0x00000000ebf80000)
 ParOldGen       total 68608K, used 44174K [0x00000000c0000000, 0x00000000c4300000, 0x00000000eab00000)
  object space 68608K, 64% used [0x00000000c0000000,0x00000000c2b23980,0x00000000c4300000)
 Metaspace       used 73897K, committed 74880K, reserved 1179648K
  class space    used 8989K, committed 9408K, reserved 1048576K
}
Event: 514.947 GC heap after
{Heap after GC invocations=61 (full 3):
 PSYoungGen      total 19968K, used 496K [0x00000000eab00000, 0x00000000ec000000, 0x0000000100000000)
  eden space 19456K, 0% used [0x00000000eab00000,0x00000000eab00000,0x00000000ebe00000)
  from space 512K, 96% used [0x00000000ebf00000,0x00000000ebf7c030,0x00000000ebf80000)
  to   space 1024K, 0% used [0x00000000ebe00000,0x00000000ebe00000,0x00000000ebf00000)
 ParOldGen       total 68608K, used 44402K [0x00000000c0000000, 0x00000000c4300000, 0x00000000eab00000)
  object space 68608K, 64% used [0x00000000c0000000,0x00000000c2b5c990,0x00000000c4300000)
 Metaspace       used 73897K, committed 74880K, reserved 1179648K
  class space    used 8989K, committed 9408K, reserved 1048576K
}
Event: 576.418 GC heap before
{Heap before GC invocations=62 (full 3):
 PSYoungGen      total 19968K, used 19952K [0x00000000eab00000, 0x00000000ec000000, 0x0000000100000000)
  eden space 19456K, 100% used [0x00000000eab00000,0x00000000ebe00000,0x00000000ebe00000)
  from space 512K, 96% used [0x00000000ebf00000,0x00000000ebf7c030,0x00000000ebf80000)
  to   space 1024K, 0% used [0x00000000ebe00000,0x00000000ebe00000,0x00000000ebf00000)
 ParOldGen       total 68608K, used 44402K [0x00000000c0000000, 0x00000000c4300000, 0x00000000eab00000)
  object space 68608K, 64% used [0x00000000c0000000,0x00000000c2b5c990,0x00000000c4300000)
 Metaspace       used 74106K, committed 75200K, reserved 1179648K
  class space    used 9012K, committed 9472K, reserved 1048576K
}
Event: 576.550 GC heap after
{Heap after GC invocations=62 (full 3):
 PSYoungGen      total 20480K, used 192K [0x00000000eab00000, 0x00000000ebf80000, 0x0000000100000000)
  eden space 19456K, 0% used [0x00000000eab00000,0x00000000eab00000,0x00000000ebe00000)
  from space 1024K, 18% used [0x00000000ebe00000,0x00000000ebe30000,0x00000000ebf00000)
  to   space 512K, 0% used [0x00000000ebf00000,0x00000000ebf00000,0x00000000ebf80000)
 ParOldGen       total 68608K, used 44654K [0x00000000c0000000, 0x00000000c4300000, 0x00000000eab00000)
  object space 68608K, 65% used [0x00000000c0000000,0x00000000c2b9ba68,0x00000000c4300000)
 Metaspace       used 74106K, committed 75200K, reserved 1179648K
  class space    used 9012K, committed 9472K, reserved 1048576K
}
Event: 577.772 GC heap before
{Heap before GC invocations=63 (full 3):
 PSYoungGen      total 20480K, used 19648K [0x00000000eab00000, 0x00000000ebf80000, 0x0000000100000000)
  eden space 19456K, 100% used [0x00000000eab00000,0x00000000ebe00000,0x00000000ebe00000)
  from space 1024K, 18% used [0x00000000ebe00000,0x00000000ebe30000,0x00000000ebf00000)
  to   space 512K, 0% used [0x00000000ebf00000,0x00000000ebf00000,0x00000000ebf80000)
 ParOldGen       total 68608K, used 44654K [0x00000000c0000000, 0x00000000c4300000, 0x00000000eab00000)
  object space 68608K, 65% used [0x00000000c0000000,0x00000000c2b9ba68,0x00000000c4300000)
 Metaspace       used 74111K, committed 75200K, reserved 1179648K
  class space    used 9012K, committed 9472K, reserved 1048576K
}
Event: 577.789 GC heap after
{Heap after GC invocations=63 (full 3):
 PSYoungGen      total 19968K, used 96K [0x00000000eab00000, 0x00000000ebf80000, 0x0000000100000000)
  eden space 19456K, 0% used [0x00000000eab00000,0x00000000eab00000,0x00000000ebe00000)
  from space 512K, 18% used [0x00000000ebf00000,0x00000000ebf18000,0x00000000ebf80000)
  to   space 512K, 0% used [0x00000000ebe80000,0x00000000ebe80000,0x00000000ebf00000)
 ParOldGen       total 68608K, used 44774K [0x00000000c0000000, 0x00000000c4300000, 0x00000000eab00000)
  object space 68608K, 65% used [0x00000000c0000000,0x00000000c2bb9a68,0x00000000c4300000)
 Metaspace       used 74111K, committed 75200K, reserved 1179648K
  class space    used 9012K, committed 9472K, reserved 1048576K
}
Event: 584.962 GC heap before
{Heap before GC invocations=64 (full 3):
 PSYoungGen      total 19968K, used 19552K [0x00000000eab00000, 0x00000000ebf80000, 0x0000000100000000)
  eden space 19456K, 100% used [0x00000000eab00000,0x00000000ebe00000,0x00000000ebe00000)
  from space 512K, 18% used [0x00000000ebf00000,0x00000000ebf18000,0x00000000ebf80000)
  to   space 512K, 0% used [0x00000000ebe80000,0x00000000ebe80000,0x00000000ebf00000)
 ParOldGen       total 68608K, used 44774K [0x00000000c0000000, 0x00000000c4300000, 0x00000000eab00000)
  object space 68608K, 65% used [0x00000000c0000000,0x00000000c2bb9a68,0x00000000c4300000)
 Metaspace       used 74115K, committed 75200K, reserved 1179648K
  class space    used 9012K, committed 9472K, reserved 1048576K
}
Event: 584.964 GC heap after
{Heap after GC invocations=64 (full 3):
 PSYoungGen      total 19968K, used 128K [0x00000000eab00000, 0x00000000ebf80000, 0x0000000100000000)
  eden space 19456K, 0% used [0x00000000eab00000,0x00000000eab00000,0x00000000ebe00000)
  from space 512K, 25% used [0x00000000ebe80000,0x00000000ebea0000,0x00000000ebf00000)
  to   space 512K, 0% used [0x00000000ebf00000,0x00000000ebf00000,0x00000000ebf80000)
 ParOldGen       total 68608K, used 44782K [0x00000000c0000000, 0x00000000c4300000, 0x00000000eab00000)
  object space 68608K, 65% used [0x00000000c0000000,0x00000000c2bbba68,0x00000000c4300000)
 Metaspace       used 74115K, committed 75200K, reserved 1179648K
  class space    used 9012K, committed 9472K, reserved 1048576K
}

